<?xml version="1.0" encoding="UTF-8"?>
<!-- Generated by org.testng.reporters.JUnitXMLReporter -->
<testsuite ignored="0" hostname="gunjanpr" failures="0" tests="1" name="Test-runner-2" time="26.237" errors="0" timestamp="2023-11-27T11:26:47 IST">
  <testcase classname="com.vtiger.lead.CreateProductWithProductCategory" name="CreateProduct" time="26.204"/>
</testsuite> <!-- Test-runner-2 -->
