<?xml version="1.0" encoding="UTF-8"?>
<!-- Generated by org.testng.reporters.JUnitReportReporter -->
<testsuite hostname="gunjanpr" failures="0" tests="2" name="testannotation" time="0.012" errors="0" timestamp="2023-11-27T05:02:36 IST" skipped="0">
  <testcase classname="testannotation" name="t1" time="0.008"/>
  <system-out/>
  <testcase classname="testannotation" name="t2" time="0.004"/>
  <system-out/>
</testsuite> <!-- testannotation -->
