<?xml version="1.0" encoding="UTF-8"?>
<!-- Generated by org.testng.reporters.JUnitReportReporter -->
<testsuite hostname="gunjanpr" failures="0" tests="1" name="CreateProductWithProductCategory" time="15.263" errors="0" timestamp="2023-11-27T11:04:55 IST" skipped="0">
  <testcase classname="CreateProductWithProductCategory" name="CreateProduct" time="15.263"/>
  <system-out/>
</testsuite> <!-- CreateProductWithProductCategory -->
