<?xml version="1.0" encoding="UTF-8"?>
<!-- Generated by org.testng.reporters.JUnitReportReporter -->
<testsuite hostname="gunjanpr" failures="0" tests="2" name="DTpractice" time="0.010" errors="0" timestamp="2023-11-27T03:21:11 IST" skipped="0">
  <testcase classname="DTpractice" name="data" time="0.001"/>
  <system-out/>
  <testcase classname="DTpractice" name="data" time="0.009"/>
  <system-out/>
</testsuite> <!-- DTpractice -->
