<?xml version="1.0" encoding="UTF-8"?>
<!-- Generated by org.testng.reporters.JUnitReportReporter -->
<testsuite hostname="gunjanpr" failures="0" tests="1" name="com.vtiger.lead.CreateProductWithProductCategory" time="18.828" errors="0" timestamp="2023-11-27T11:33:13 IST" skipped="0">
  <testcase classname="com.vtiger.lead.CreateProductWithProductCategory" name="CreateProduct" time="18.828"/>
  <system-out/>
</testsuite> <!-- com.vtiger.lead.CreateProductWithProductCategory -->
