<?xml version="1.0" encoding="UTF-8"?>
<!-- Generated by org.testng.reporters.JUnitReportReporter -->
<testsuite hostname="gunjanpr" failures="0" tests="1" name="CreateCampaignWithCampaignType" time="23.173" errors="0" timestamp="2023-11-27T11:16:29 IST" skipped="0">
  <testcase classname="CreateCampaignWithCampaignType" name="createCampaign" time="23.173"/>
  <system-out/>
</testsuite> <!-- CreateCampaignWithCampaignType -->
