<?xml version="1.0" encoding="UTF-8"?>
<!-- Generated by org.testng.reporters.JUnitReportReporter -->
<testsuite hostname="gunjanpr" failures="0" tests="4" name="CreateProductWithProductTypewithDataProvider" time="79.483" errors="0" timestamp="2023-11-27T11:12:18 IST" skipped="0">
  <testcase classname="CreateProductWithProductTypewithDataProvider" name="createmultipleProductdata" time="19.350"/>
  <system-out/>
  <testcase classname="CreateProductWithProductTypewithDataProvider" name="createmultipleProductdata" time="19.296"/>
  <system-out/>
  <testcase classname="CreateProductWithProductTypewithDataProvider" name="createmultipleProductdata" time="18.976"/>
  <system-out/>
  <testcase classname="CreateProductWithProductTypewithDataProvider" name="createmultipleProductdata" time="21.861"/>
  <system-out/>
</testsuite> <!-- CreateProductWithProductTypewithDataProvider -->
