<?xml version="1.0" encoding="UTF-8"?>
<!-- Generated by org.testng.reporters.JUnitReportReporter -->
<testsuite hostname="gunjanpr" failures="0" tests="1" name="com.vtiger.lead.CreatingleadwithCompany" time="12.570" errors="0" timestamp="2023-11-27T06:22:58 IST" skipped="0">
  <testcase classname="com.vtiger.lead.CreatingleadwithCompany" name="createlead" time="12.570"/>
  <system-out/>
</testsuite> <!-- com.vtiger.lead.CreatingleadwithCompany -->
