<?xml version="1.0" encoding="UTF-8"?>
<!-- Generated by org.testng.reporters.JUnitReportReporter -->
<testsuite hostname="gunjanpr" failures="0" tests="2" name="PriorityTest" time="0.015" errors="0" timestamp="2023-11-27T02:51:50 IST" skipped="0">
  <testcase classname="PriorityTest" name="modifyCustomer" time="0.013"/>
  <system-out/>
  <testcase classname="PriorityTest" name="deleteCustomer" time="0.002"/>
  <system-out/>
</testsuite> <!-- PriorityTest -->
