<?xml version="1.0" encoding="UTF-8"?>
<!-- Generated by org.testng.reporters.JUnitReportReporter -->
<testsuite hostname="gunjanpr" failures="0" tests="4" name="CreateProductWithProductType" time="85.903" errors="0" timestamp="2023-11-27T03:58:27 IST" skipped="0">
  <testcase classname="CreateProductWithProductType" name="createmultipleProductdata" time="23.339"/>
  <system-out/>
  <testcase classname="CreateProductWithProductType" name="createmultipleProductdata" time="20.747"/>
  <system-out/>
  <testcase classname="CreateProductWithProductType" name="createmultipleProductdata" time="21.420"/>
  <system-out/>
  <testcase classname="CreateProductWithProductType" name="createmultipleProductdata" time="20.397"/>
  <system-out/>
</testsuite> <!-- CreateProductWithProductType -->
