<?xml version="1.0" encoding="UTF-8"?>
<!-- Generated by org.testng.reporters.JUnitReportReporter -->
<testsuite hostname="gunjanpr" failures="0" tests="2" name="DataProviderPractice" time="0.011" errors="0" timestamp="2023-11-27T03:21:35 IST" skipped="0">
  <testcase classname="DataProviderPractice" name="getdata" time="0.002"/>
  <system-out/>
  <testcase classname="DataProviderPractice" name="getdata" time="0.009"/>
  <system-out/>
</testsuite> <!-- DataProviderPractice -->
